[0.006s] Invoking command in '/home/gopal/bumperbot_ws/build/bumperbot_planning': CMAKE_PREFIX_PATH=/opt/ros/humble /usr/bin/cmake --build /home/gopal/bumperbot_ws/build/bumperbot_planning -- -j8 -l8
[0.052s] [ 50%] [32mBuilding CXX object CMakeFiles/a_star_planner.dir/src/a_star_planner.cpp.o[0m
[0.052s] [ 50%] [32mBuilding CXX object CMakeFiles/dijkstra_planner.dir/src/dijkstra_planner.cpp.o[0m
[0.054s] [ 50%] Built target ament_cmake_python_copy_bumperbot_planning
[0.274s] running egg_info
[0.274s] writing bumperbot_planning.egg-info/PKG-INFO
[0.274s] writing dependency_links to bumperbot_planning.egg-info/dependency_links.txt
[0.275s] writing top-level names to bumperbot_planning.egg-info/top_level.txt
[0.277s] reading manifest file 'bumperbot_planning.egg-info/SOURCES.txt'
[0.277s] writing manifest file 'bumperbot_planning.egg-info/SOURCES.txt'
[0.300s] [ 50%] Built target ament_cmake_python_build_bumperbot_planning_egg
[2.764s] In file included from [01m[K/home/gopal/bumperbot_ws/src/bumperbot_planning/src/dijkstra_planner.cpp:4[m[K:
[2.764s] [01m[K/home/gopal/bumperbot_ws/src/bumperbot_planning/include/bumperbot_planning/dijkstra_planner.hpp:63:23:[m[K [01;31m[Kerror: [m[Kâ€˜[01m[Knav_msgs::msg::Path bumperbot_planning::DijkstraPlanner::createPlan(const PoseStamped&, const PoseStamped&, std::function<bool()>)[m[Kâ€™ marked â€˜[01m[Koverride[m[Kâ€™, but does not override
[2.764s]    63 |   nav_msgs::msg::Path [01;31m[KcreatePlan[m[K(
[2.764s]       |                       [01;31m[K^~~~~~~~~~[m[K
[2.809s] In file included from [01m[K/home/gopal/bumperbot_ws/src/bumperbot_planning/src/a_star_planner.cpp:3[m[K:
[2.809s] [01m[K/home/gopal/bumperbot_ws/src/bumperbot_planning/include/bumperbot_planning/a_star_planner.hpp:64:23:[m[K [01;31m[Kerror: [m[Kâ€˜[01m[Knav_msgs::msg::Path bumperbot_planning::AStarPlanner::createPlan(const PoseStamped&, const PoseStamped&, std::function<bool()>)[m[Kâ€™ marked â€˜[01m[Koverride[m[Kâ€™, but does not override
[2.809s]    64 |   nav_msgs::msg::Path [01;31m[KcreatePlan[m[K(
[2.809s]       |                       [01;31m[K^~~~~~~~~~[m[K
[3.957s] In file included from [01m[K/opt/ros/humble/include/class_loader/class_loader/class_loader_core.hpp:57[m[K,
[3.957s]                  from [01m[K/opt/ros/humble/include/class_loader/class_loader/class_loader.hpp:55[m[K,
[3.957s]                  from [01m[K/opt/ros/humble/include/class_loader/class_loader/multi_library_class_loader.hpp:52[m[K,
[3.957s]                  from [01m[K/opt/ros/humble/include/pluginlib/pluginlib/class_loader.hpp:38[m[K,
[3.957s]                  from [01m[K/opt/ros/humble/include/nav2_costmap_2d/nav2_costmap_2d/costmap_2d_ros.hpp:54[m[K,
[3.957s]                  from [01m[K/opt/ros/humble/include/nav2_core/global_planner.hpp:21[m[K,
[3.957s]                  from [01m[K/home/gopal/bumperbot_ws/src/bumperbot_planning/include/bumperbot_planning/dijkstra_planner.hpp:12[m[K,
[3.957s]                  from [01m[K/home/gopal/bumperbot_ws/src/bumperbot_planning/src/dijkstra_planner.cpp:4[m[K:
[3.957s] /opt/ros/humble/include/class_loader/class_loader/meta_object.hpp: In instantiation of â€˜[01m[KB* class_loader::impl::MetaObject<C, B>::create() const [with C = bumperbot_planning::DijkstraPlanner; B = nav2_core::GlobalPlanner][m[Kâ€™:
[3.957s] [01m[K/opt/ros/humble/include/class_loader/class_loader/meta_object.hpp:216:7:[m[K   required from here
[3.957s] [01m[K/opt/ros/humble/include/class_loader/class_loader/meta_object.hpp:218:12:[m[K [01;31m[Kerror: [m[Kinvalid new-expression of abstract class type â€˜[01m[Kbumperbot_planning::DijkstraPlanner[m[Kâ€™
[3.957s]   218 |     return [01;31m[Knew C[m[K;
[3.957s]       |            [01;31m[K^~~~~[m[K
[3.957s] In file included from [01m[K/home/gopal/bumperbot_ws/src/bumperbot_planning/src/dijkstra_planner.cpp:4[m[K:
[3.957s] [01m[K/home/gopal/bumperbot_ws/src/bumperbot_planning/include/bumperbot_planning/dijkstra_planner.hpp:46:7:[m[K [01;36m[Knote: [m[K  because the following virtual functions are pure within â€˜[01m[Kbumperbot_planning::DijkstraPlanner[m[Kâ€™:
[3.957s]    46 | class [01;36m[KDijkstraPlanner[m[K : public nav2_core::GlobalPlanner
[3.957s]       |       [01;36m[K^~~~~~~~~~~~~~~[m[K
[3.957s] In file included from [01m[K/home/gopal/bumperbot_ws/src/bumperbot_planning/include/bumperbot_planning/dijkstra_planner.hpp:12[m[K,
[3.958s]                  from [01m[K/home/gopal/bumperbot_ws/src/bumperbot_planning/src/dijkstra_planner.cpp:4[m[K:
[3.958s] [01m[K/opt/ros/humble/include/nav2_core/global_planner.hpp:76:31:[m[K [01;36m[Knote: [m[K    â€˜[01m[Kvirtual nav_msgs::msg::Path nav2_core::GlobalPlanner::createPlan(const PoseStamped&, const PoseStamped&)[m[Kâ€™
[3.958s]    76 |   virtual nav_msgs::msg::Path [01;36m[KcreatePlan[m[K(
[3.958s]       |                               [01;36m[K^~~~~~~~~~[m[K
[4.036s] In file included from [01m[K/opt/ros/humble/include/class_loader/class_loader/class_loader_core.hpp:57[m[K,
[4.036s]                  from [01m[K/opt/ros/humble/include/class_loader/class_loader/class_loader.hpp:55[m[K,
[4.036s]                  from [01m[K/opt/ros/humble/include/class_loader/class_loader/multi_library_class_loader.hpp:52[m[K,
[4.036s]                  from [01m[K/opt/ros/humble/include/pluginlib/pluginlib/class_loader.hpp:38[m[K,
[4.036s]                  from [01m[K/opt/ros/humble/include/nav2_costmap_2d/nav2_costmap_2d/costmap_2d_ros.hpp:54[m[K,
[4.036s]                  from [01m[K/opt/ros/humble/include/nav2_core/global_planner.hpp:21[m[K,
[4.036s]                  from [01m[K/home/gopal/bumperbot_ws/src/bumperbot_planning/include/bumperbot_planning/a_star_planner.hpp:12[m[K,
[4.036s]                  from [01m[K/home/gopal/bumperbot_ws/src/bumperbot_planning/src/a_star_planner.cpp:3[m[K:
[4.036s] /opt/ros/humble/include/class_loader/class_loader/meta_object.hpp: In instantiation of â€˜[01m[KB* class_loader::impl::MetaObject<C, B>::create() const [with C = bumperbot_planning::AStarPlanner; B = nav2_core::GlobalPlanner][m[Kâ€™:
[4.036s] [01m[K/opt/ros/humble/include/class_loader/class_loader/meta_object.hpp:216:7:[m[K   required from here
[4.036s] [01m[K/opt/ros/humble/include/class_loader/class_loader/meta_object.hpp:218:12:[m[K [01;31m[Kerror: [m[Kinvalid new-expression of abstract class type â€˜[01m[Kbumperbot_planning::AStarPlanner[m[Kâ€™
[4.036s]   218 |     return [01;31m[Knew C[m[K;
[4.037s]       |            [01;31m[K^~~~~[m[K
[4.037s] In file included from [01m[K/home/gopal/bumperbot_ws/src/bumperbot_planning/src/a_star_planner.cpp:3[m[K:
[4.037s] [01m[K/home/gopal/bumperbot_ws/src/bumperbot_planning/include/bumperbot_planning/a_star_planner.hpp:47:7:[m[K [01;36m[Knote: [m[K  because the following virtual functions are pure within â€˜[01m[Kbumperbot_planning::AStarPlanner[m[Kâ€™:
[4.037s]    47 | class [01;36m[KAStarPlanner[m[K : public nav2_core::GlobalPlanner
[4.037s]       |       [01;36m[K^~~~~~~~~~~~[m[K
[4.037s] In file included from [01m[K/home/gopal/bumperbot_ws/src/bumperbot_planning/include/bumperbot_planning/a_star_planner.hpp:12[m[K,
[4.037s]                  from [01m[K/home/gopal/bumperbot_ws/src/bumperbot_planning/src/a_star_planner.cpp:3[m[K:
[4.037s] [01m[K/opt/ros/humble/include/nav2_core/global_planner.hpp:76:31:[m[K [01;36m[Knote: [m[K    â€˜[01m[Kvirtual nav_msgs::msg::Path nav2_core::GlobalPlanner::createPlan(const PoseStamped&, const PoseStamped&)[m[Kâ€™
[4.037s]    76 |   virtual nav_msgs::msg::Path [01;36m[KcreatePlan[m[K(
[4.037s]       |                               [01;36m[K^~~~~~~~~~[m[K
[4.142s] gmake[2]: *** [CMakeFiles/dijkstra_planner.dir/build.make:76: CMakeFiles/dijkstra_planner.dir/src/dijkstra_planner.cpp.o] Error 1
[4.142s] gmake[1]: *** [CMakeFiles/Makefile2:194: CMakeFiles/dijkstra_planner.dir/all] Error 2
[4.142s] gmake[1]: *** Waiting for unfinished jobs....
[4.217s] gmake[2]: *** [CMakeFiles/a_star_planner.dir/build.make:76: CMakeFiles/a_star_planner.dir/src/a_star_planner.cpp.o] Error 1
[4.217s] gmake[1]: *** [CMakeFiles/Makefile2:220: CMakeFiles/a_star_planner.dir/all] Error 2
[4.217s] gmake: *** [Makefile:146: all] Error 2
[4.219s] Invoked command in '/home/gopal/bumperbot_ws/build/bumperbot_planning' returned '2': CMAKE_PREFIX_PATH=/opt/ros/humble /usr/bin/cmake --build /home/gopal/bumperbot_ws/build/bumperbot_planning -- -j8 -l8
